# JRE version: Java(TM) SE Runtime Environment (7.0_45-b18) (build 1.7.0_45-b18)
# Java VM: Java HotSpot(TM) Client VM (24.45-b08 mixed mode, sharing windows-x86 )
Heap
 def new generation   total 4928K, used 394K [0x247e0000, 0x24d30000, 0x29d30000)
  eden space 4416K,   6% used [0x247e0000, 0x24829e38, 0x24c30000)
  from space 512K,  19% used [0x24c30000, 0x24c48af8, 0x24cb0000)
  to   space 512K,   0% used [0x24cb0000, 0x24cb0000, 0x24d30000)
 tenured generation   total 10944K, used 2810K [0x29d30000, 0x2a7e0000, 0x347e0000)
   the space 10944K,  25% used [0x29d30000, 0x29fee990, 0x29feea00, 0x2a7e0000)
 compacting perm gen  total 12288K, used 1765K [0x347e0000, 0x353e0000, 0x387e0000)
   the space 12288K,  14% used [0x347e0000, 0x34999620, 0x34999800, 0x353e0000)
    ro space 10240K,  44% used [0x387e0000, 0x38c57808, 0x38c57a00, 0x391e0000)
    rw space 12288K,  52% used [0x391e0000, 0x3982e610, 0x3982e800, 0x39de0000)
GC Heap History (4 events):
Event: 1.930 GC heap before
{Heap before GC invocations=0 (full 0):
 def new generation   total 4928K, used 4416K [0x247e0000, 0x24d30000, 0x29d30000)
  eden space 4416K, 100% used [0x247e0000, 0x24c30000, 0x24c30000)
  from space 512K,   0% used [0x24c30000, 0x24c30000, 0x24cb0000)
  to   space 512K,   0% used [0x24cb0000, 0x24cb0000, 0x24d30000)
 tenured generation   total 10944K, used 0K [0x29d30000, 0x2a7e0000, 0x347e0000)
   the space 10944K,   0% used [0x29d30000, 0x29d30000, 0x29d30200, 0x2a7e0000)
 compacting perm gen  total 12288K, used 1179K [0x347e0000, 0x353e0000, 0x387e0000)
   the space 12288K,   9% used [0x347e0000, 0x34906d18, 0x34906e00, 0x353e0000)
    ro space 10240K,  44% used [0x387e0000, 0x38c57808, 0x38c57a00, 0x391e0000)
    rw space 12288K,  52% used [0x391e0000, 0x3982e610, 0x3982e800, 0x39de0000)
Event: 1.937 GC heap after
Heap after GC invocations=1 (full 0):
 def new generation   total 4928K, used 512K [0x247e0000, 0x24d30000, 0x29d30000)
  eden space 4416K,   0% used [0x247e0000, 0x247e0000, 0x24c30000)
  from space 512K, 100% used [0x24cb0000, 0x24d30000, 0x24d30000)
  to   space 512K,   0% used [0x24c30000, 0x24c30000, 0x24cb0000)
 tenured generation   total 10944K, used 1820K [0x29d30000, 0x2a7e0000, 0x347e0000)
   the space 10944K,  16% used [0x29d30000, 0x29ef72f0, 0x29ef7400, 0x2a7e0000)
 compacting perm gen  total 12288K, used 1179K [0x347e0000, 0x353e0000, 0x387e0000)
   the space 12288K,   9% used [0x347e0000, 0x34906d18, 0x34906e00, 0x353e0000)
    ro space 10240K,  44% used [0x387e0000, 0x38c57808, 0x38c57a00, 0x391e0000)
    rw space 12288K,  52% used [0x391e0000, 0x3982e610, 0x3982e800, 0x39de0000)
}
Event: 20.446 GC heap before
{Heap before GC invocations=1 (full 0):
 def new generation   total 4928K, used 4928K [0x247e0000, 0x24d30000, 0x29d30000)
  eden space 4416K, 100% used [0x247e0000, 0x24c30000, 0x24c30000)
  from space 512K, 100% used [0x24cb0000, 0x24d30000, 0x24d30000)
  to   space 512K,   0% used [0x24c30000, 0x24c30000, 0x24cb0000)
 tenured generation   total 10944K, used 1820K [0x29d30000, 0x2a7e0000, 0x347e0000)
   the space 10944K,  16% used [0x29d30000, 0x29ef72f0, 0x29ef7400, 0x2a7e0000)
 compacting perm gen  total 12288K, used 1760K [0x347e0000, 0x353e0000, 0x387e0000)
   the space 12288K,  14% used [0x347e0000, 0x34998378, 0x34998400, 0x353e0000)
    ro space 10240K,  44% used [0x387e0000, 0x38c57808, 0x38c57a00, 0x391e0000)
    rw space 12288K,  52% used [0x391e0000, 0x3982e610, 0x3982e800, 0x39de0000)
Event: 20.451 GC heap after
Heap after GC invocations=2 (full 0):
 def new generation   total 4928K, used 98K [0x247e0000, 0x24d30000, 0x29d30000)
  eden space 4416K,   0% used [0x247e0000, 0x247e0000, 0x24c30000)
  from space 512K,  19% used [0x24c30000, 0x24c48af8, 0x24cb0000)
  to   space 512K,   0% used [0x24cb0000, 0x24cb0000, 0x24d30000)
 tenured generation   total 10944K, used 2810K [0x29d30000, 0x2a7e0000, 0x347e0000)
   the space 10944K,  25% used [0x29d30000, 0x29fee990, 0x29feea00, 0x2a7e0000)
 compacting perm gen  total 12288K, used 1760K [0x347e0000, 0x353e0000, 0x387e0000)
   the space 12288K,  14% used [0x347e0000, 0x34998378, 0x34998400, 0x353e0000)
    ro space 10240K,  44% used [0x387e0000, 0x38c57808, 0x38c57a00, 0x391e0000)
    rw space 12288K,  52% used [0x391e0000, 0x3982e610, 0x3982e800, 0x39de0000)
}

